Suicune Суйкун из команды полосатых вступает в бой!
NidoranF Нидоран (F) из команды черных вступает в бой!
Suicune Суйкун использует Ice Fang. 
NidoranF Нидоран (F) теряет 7 здоровья.

NidoranF Нидоран (F) использует Poison Sting. 
Suicune Суйкун теряет 4 здоровья.

Suicune Суйкун использует Ice Fang. 
NidoranF Нидоран (F) теряет 9 здоровья.

NidoranF Нидоран (F) использует Poison Sting. 
Suicune Суйкун теряет 6 здоровья.

Suicune Суйкун использует Ice Fang. 
NidoranF Нидоран (F) теряет 10 здоровья.

NidoranF Нидоран (F) использует Confide, чтобы понизить Специальную Атаку противника на 1. 
Suicune Суйкун уменьшает специальную атаку.

Suicune Суйкун использует Blizzard. 
NidoranF Нидоран (F) теряет 18 здоровья.
NidoranF Нидоран (F) теряет сознание.
Nidorina Нидорина из команды черных вступает в бой!
Nidorina Нидорина использует Poison Sting. 
Suicune Суйкун теряет 5 здоровья.

Suicune Суйкун использует Extrasensory. 
Nidorina Нидорина теряет 21 здоровья.

Nidorina Нидорина использует Fury Swipes. 
Suicune Суйкун теряет 5 здоровья.
Nidorina Нидорина использует Fury Swipes. 
Suicune Суйкун теряет 5 здоровья.
Nidorina Нидорина использует Fury Swipes. 
Suicune Суйкун теряет 4 здоровья.

Suicune Суйкун использует Ice Fang. 
Nidorina Нидорина теряет 11 здоровья.

Nidorina Нидорина использует Fury Swipes. 
Suicune Суйкун теряет 5 здоровья.
Nidorina Нидорина использует Fury Swipes. 
Suicune Суйкун теряет 5 здоровья.
Nidorina Нидорина использует Fury Swipes. 
Suicune Суйкун теряет 4 здоровья.
Suicune Суйкун теряет сознание.
Sunkern Санкерн из команды полосатых вступает в бой!
Nidorina Нидорина использует Poison Sting. 
Sunkern Санкерн теряет 13 здоровья.

Sunkern Санкерн использует Swagger, чтобы вызвать растерянность у противника и повысить его Атаку на 2. 
Nidorina Нидорина увеличивает атаку.

Nidorina Нидорина растерянно попадает по себе. 
Nidorina Нидорина теряет 26 здоровья.

Sunkern Санкерн использует Mega Drain и восстанавливает HP. 
Nidorina Нидорина теряет 3 здоровья.
Sunkern Санкерн восстанавливает 6 здоровья.
Nidorina Нидорина теряет сознание.
Nidoqueen Нидоквин из команды черных вступает в бой!
Sunkern Санкерн использует Mega Drain и восстанавливает HP. 
Nidoqueen Нидоквин теряет 5 здоровья.
Sunkern Санкерн восстанавливает 6 здоровья.

Nidoqueen Нидоквин использует Confide, чтобы понизить Специальную Атаку противника на 1. 
Sunkern Санкерн уменьшает специальную атаку.

Sunkern Санкерн использует Swagger, чтобы вызвать растерянность у противника и повысить его Атаку на 2. 
Nidoqueen Нидоквин увеличивает атаку.

Nidoqueen Нидоквин использует Poison Sting. 
Sunkern Санкерн теряет 12 здоровья.
Sunkern Санкерн отравлен

Sunkern Санкерн теряет 3 здоровья.
Sunkern Санкерн использует Mega Drain и восстанавливает HP. 
Nidoqueen Нидоквин теряет 5 здоровья.
Sunkern Санкерн восстанавливает 6 здоровья.

Nidoqueen Нидоквин растерянно попадает по себе. 
Nidoqueen Нидоквин теряет 5 здоровья.
Nidoqueen Нидоквин теряет сознание.
В команде черных не осталось покемонов.
Команда полосатых побеждает в этом бою!
